<?xml version="1.0" encoding="UTF-8"?>
<TestRun id="781dfcb8-688b-49c3-b995-275cb0c03016" name="Сергей@WIN-CGT7C71VLN4 2013-11-26 03:05:02" runUser="WIN-CGT7C71VLN4\Сергей" xmlns="http://microsoft.com/schemas/VisualStudio/TeamTest/2010">
  <TestSettings name="Локальные" id="fe4e69d4-ab92-48ba-a4a2-b6284180a4be">
    <Description>Это - параметры по умолчанию для локального тестового запуска.</Description>
    <Deployment enabled="false" runDeploymentRoot="Сергей_WIN-CGT7C71VLN4 2013-11-26 03_05_02">
      <DeploymentItem filename="C:\Users\Сергей\Desktop\Tetris2\Tetris\Tetris\bin\Release\Tetris.exe" />
    </Deployment>
    <Execution>
      <TestTypeSpecific />
      <AgentRule name="Execution Agents">
      </AgentRule>
    </Execution>
  </TestSettings>
  <Times creation="2013-11-26T03:05:02.9658480+04:00" queuing="2013-11-26T03:05:03.8966792+04:00" start="2013-11-26T03:05:04.0777164+04:00" finish="2013-11-26T03:05:04.7818241+04:00" />
  <ResultSummary outcome="Completed">
    <Counters total="5" executed="5" passed="5" error="0" failed="0" timeout="0" aborted="0" inconclusive="0" passedButRunAborted="0" notRunnable="0" notExecuted="0" disconnected="0" warning="0" completed="0" inProgress="0" pending="0" />
  </ResultSummary>
  <TestDefinitions>
    <UnitTest name="TestFlash" storage="c:\users\сергей\desktop\tetris2\tetris\test.tests\bin\release\test.tests.dll" id="b35e5c20-cf74-cef2-816b-d9625b9d6317">
      <Execution id="68212bc6-af3c-4a06-8c17-60b095a0f0c0" />
      <TestMethod codeBase="C:/Users/Сергей/Desktop/Tetris2/Tetris/Test.Tests/bin/Release/Test.Tests.DLL" adapterTypeName="Microsoft.VisualStudio.TestTools.TestTypes.Unit.UnitTestAdapter, Microsoft.VisualStudio.QualityTools.Tips.UnitTest.Adapter, Version=10.0.0.0, Culture=neutral, PublicKeyToken=b03f5f7f11d50a3a" className="Test.Tests.UnitTest1, Test.Tests, Version=1.0.0.0, Culture=neutral, PublicKeyToken=null" name="TestFlash" />
    </UnitTest>
    <UnitTest name="TestStep" storage="c:\users\сергей\desktop\tetris2\tetris\test.tests\bin\release\test.tests.dll" id="ac32ed57-1348-83d8-3200-9f71f4f909c6">
      <Execution id="c771b3c8-20b8-4a0f-bc1b-e5edb4024ffd" />
      <TestMethod codeBase="C:/Users/Сергей/Desktop/Tetris2/Tetris/Test.Tests/bin/Release/Test.Tests.DLL" adapterTypeName="Microsoft.VisualStudio.TestTools.TestTypes.Unit.UnitTestAdapter, Microsoft.VisualStudio.QualityTools.Tips.UnitTest.Adapter, Version=10.0.0.0, Culture=neutral, PublicKeyToken=b03f5f7f11d50a3a" className="Test.Tests.UnitTest1, Test.Tests, Version=1.0.0.0, Culture=neutral, PublicKeyToken=null" name="TestStep" />
    </UnitTest>
    <UnitTest name="TestLight" storage="c:\users\сергей\desktop\tetris2\tetris\test.tests\bin\release\test.tests.dll" id="84520288-6129-8962-40f4-d3c40a5d5acf">
      <Execution id="127433e3-fb79-430a-82d3-20fc8d6f766e" />
      <TestMethod codeBase="C:/Users/Сергей/Desktop/Tetris2/Tetris/Test.Tests/bin/Release/Test.Tests.DLL" adapterTypeName="Microsoft.VisualStudio.TestTools.TestTypes.Unit.UnitTestAdapter, Microsoft.VisualStudio.QualityTools.Tips.UnitTest.Adapter, Version=10.0.0.0, Culture=neutral, PublicKeyToken=b03f5f7f11d50a3a" className="Test.Tests.UnitTest1, Test.Tests, Version=1.0.0.0, Culture=neutral, PublicKeyToken=null" name="TestLight" />
    </UnitTest>
    <UnitTest name="TestTryFlash" storage="c:\users\сергей\desktop\tetris2\tetris\test.tests\bin\release\test.tests.dll" id="ebbe2692-1027-cabf-e4b1-b46c79729bdf">
      <Execution id="bd041a7b-7d56-40bf-882a-931c9ea73c91" />
      <TestMethod codeBase="C:/Users/Сергей/Desktop/Tetris2/Tetris/Test.Tests/bin/Release/Test.Tests.DLL" adapterTypeName="Microsoft.VisualStudio.TestTools.TestTypes.Unit.UnitTestAdapter, Microsoft.VisualStudio.QualityTools.Tips.UnitTest.Adapter, Version=10.0.0.0, Culture=neutral, PublicKeyToken=b03f5f7f11d50a3a" className="Test.Tests.UnitTest1, Test.Tests, Version=1.0.0.0, Culture=neutral, PublicKeyToken=null" name="TestTryFlash" />
    </UnitTest>
    <UnitTest name="TestRight" storage="c:\users\сергей\desktop\tetris2\tetris\test.tests\bin\release\test.tests.dll" id="04149d1a-e0a7-9c83-79c1-a1722519d5f7">
      <Execution id="973734f3-55cb-47a2-86b3-329ed42a8f06" />
      <TestMethod codeBase="C:/Users/Сергей/Desktop/Tetris2/Tetris/Test.Tests/bin/Release/Test.Tests.DLL" adapterTypeName="Microsoft.VisualStudio.TestTools.TestTypes.Unit.UnitTestAdapter, Microsoft.VisualStudio.QualityTools.Tips.UnitTest.Adapter, Version=10.0.0.0, Culture=neutral, PublicKeyToken=b03f5f7f11d50a3a" className="Test.Tests.UnitTest1, Test.Tests, Version=1.0.0.0, Culture=neutral, PublicKeyToken=null" name="TestRight" />
    </UnitTest>
  </TestDefinitions>
  <TestLists>
    <TestList name="Отсутствующие в списке результаты" id="8c84fa94-04c1-424b-9868-57a2d4851a1d" />
    <TestList name="Все загруженные результаты" id="19431567-8539-422a-85d7-44ee4e166bda" />
  </TestLists>
  <TestEntries>
    <TestEntry testId="ac32ed57-1348-83d8-3200-9f71f4f909c6" executionId="c771b3c8-20b8-4a0f-bc1b-e5edb4024ffd" testListId="8c84fa94-04c1-424b-9868-57a2d4851a1d" />
    <TestEntry testId="b35e5c20-cf74-cef2-816b-d9625b9d6317" executionId="68212bc6-af3c-4a06-8c17-60b095a0f0c0" testListId="8c84fa94-04c1-424b-9868-57a2d4851a1d" />
    <TestEntry testId="ebbe2692-1027-cabf-e4b1-b46c79729bdf" executionId="bd041a7b-7d56-40bf-882a-931c9ea73c91" testListId="8c84fa94-04c1-424b-9868-57a2d4851a1d" />
    <TestEntry testId="04149d1a-e0a7-9c83-79c1-a1722519d5f7" executionId="973734f3-55cb-47a2-86b3-329ed42a8f06" testListId="8c84fa94-04c1-424b-9868-57a2d4851a1d" />
    <TestEntry testId="84520288-6129-8962-40f4-d3c40a5d5acf" executionId="127433e3-fb79-430a-82d3-20fc8d6f766e" testListId="8c84fa94-04c1-424b-9868-57a2d4851a1d" />
  </TestEntries>
  <Results>
    <UnitTestResult executionId="c771b3c8-20b8-4a0f-bc1b-e5edb4024ffd" testId="ac32ed57-1348-83d8-3200-9f71f4f909c6" testName="TestStep" computerName="WIN-CGT7C71VLN4" duration="00:00:00.0305543" startTime="2013-11-26T03:05:04.1588531+04:00" endTime="2013-11-26T03:05:04.5698647+04:00" testType="13cdc9d9-ddb5-4fa4-a97d-d965ccfc6d4b" outcome="Passed" testListId="8c84fa94-04c1-424b-9868-57a2d4851a1d" relativeResultsDirectory="c771b3c8-20b8-4a0f-bc1b-e5edb4024ffd">
    </UnitTestResult>
    <UnitTestResult executionId="68212bc6-af3c-4a06-8c17-60b095a0f0c0" testId="b35e5c20-cf74-cef2-816b-d9625b9d6317" testName="TestFlash" computerName="WIN-CGT7C71VLN4" duration="00:00:00.0003685" startTime="2013-11-26T03:05:04.5828682+04:00" endTime="2013-11-26T03:05:04.5928102+04:00" testType="13cdc9d9-ddb5-4fa4-a97d-d965ccfc6d4b" outcome="Passed" testListId="8c84fa94-04c1-424b-9868-57a2d4851a1d" relativeResultsDirectory="68212bc6-af3c-4a06-8c17-60b095a0f0c0">
    </UnitTestResult>
    <UnitTestResult executionId="bd041a7b-7d56-40bf-882a-931c9ea73c91" testId="ebbe2692-1027-cabf-e4b1-b46c79729bdf" testName="TestTryFlash" computerName="WIN-CGT7C71VLN4" duration="00:00:00.0005676" startTime="2013-11-26T03:05:04.6068272+04:00" endTime="2013-11-26T03:05:04.6188204+04:00" testType="13cdc9d9-ddb5-4fa4-a97d-d965ccfc6d4b" outcome="Passed" testListId="8c84fa94-04c1-424b-9868-57a2d4851a1d" relativeResultsDirectory="bd041a7b-7d56-40bf-882a-931c9ea73c91">
    </UnitTestResult>
    <UnitTestResult executionId="973734f3-55cb-47a2-86b3-329ed42a8f06" testId="04149d1a-e0a7-9c83-79c1-a1722519d5f7" testName="TestRight" computerName="WIN-CGT7C71VLN4" duration="00:00:00.0009647" startTime="2013-11-26T03:05:04.6297684+04:00" endTime="2013-11-26T03:05:04.6448455+04:00" testType="13cdc9d9-ddb5-4fa4-a97d-d965ccfc6d4b" outcome="Passed" testListId="8c84fa94-04c1-424b-9868-57a2d4851a1d" relativeResultsDirectory="973734f3-55cb-47a2-86b3-329ed42a8f06">
    </UnitTestResult>
    <UnitTestResult executionId="127433e3-fb79-430a-82d3-20fc8d6f766e" testId="84520288-6129-8962-40f4-d3c40a5d5acf" testName="TestLight" computerName="WIN-CGT7C71VLN4" duration="00:00:00.0009978" startTime="2013-11-26T03:05:04.6548549+04:00" endTime="2013-11-26T03:05:04.6658453+04:00" testType="13cdc9d9-ddb5-4fa4-a97d-d965ccfc6d4b" outcome="Passed" testListId="8c84fa94-04c1-424b-9868-57a2d4851a1d" relativeResultsDirectory="127433e3-fb79-430a-82d3-20fc8d6f766e">
    </UnitTestResult>
  </Results>
</TestRun>